<?xml version="1.0" encoding="UTF-8"?>
<coverage generated="1713164106130" clover="3.2.0">
  <project timestamp="1713164106131" name="All files">
    <metrics statements="54" coveredstatements="45" conditionals="9" coveredconditionals="7" methods="21" coveredmethods="17" elements="84" coveredelements="69" complexity="0" loc="54" ncloc="54" packages="3" files="6" classes="6"/>
    <package name="components">
      <metrics statements="19" coveredstatements="19" conditionals="2" coveredconditionals="2" methods="8" coveredmethods="8"/>
      <file name="App.jsx" path="/Users/jetmali/Library/CloudStorage/Box-Box/PersonalDocuments/Learning/frontend-joyofenergy-reactJS/components/App.jsx">
        <metrics statements="6" coveredstatements="6" conditionals="2" coveredconditionals="2" methods="2" coveredmethods="2"/>
        <line num="6" count="1" type="stmt"/>
        <line num="7" count="2" type="stmt"/>
        <line num="9" count="2" type="stmt"/>
        <line num="10" count="1" type="stmt"/>
        <line num="11" count="1" type="stmt"/>
        <line num="14" count="2" type="stmt"/>
      </file>
      <file name="EnergyConsumption.jsx" path="/Users/jetmali/Library/CloudStorage/Box-Box/PersonalDocuments/Learning/frontend-joyofenergy-reactJS/components/EnergyConsumption.jsx">
        <metrics statements="7" coveredstatements="7" conditionals="0" coveredconditionals="0" methods="3" coveredmethods="3"/>
        <line num="6" count="1" type="stmt"/>
        <line num="7" count="1" type="stmt"/>
        <line num="8" count="1" type="stmt"/>
        <line num="9" count="1" type="stmt"/>
        <line num="12" count="1" type="stmt"/>
        <line num="13" count="1" type="stmt"/>
        <line num="16" count="1" type="stmt"/>
      </file>
      <file name="Sidebar.jsx" path="/Users/jetmali/Library/CloudStorage/Box-Box/PersonalDocuments/Learning/frontend-joyofenergy-reactJS/components/Sidebar.jsx">
        <metrics statements="6" coveredstatements="6" conditionals="0" coveredconditionals="0" methods="3" coveredmethods="3"/>
        <line num="7" count="1" type="stmt"/>
        <line num="8" count="6" type="stmt"/>
        <line num="14" count="1" type="stmt"/>
        <line num="15" count="3" type="stmt"/>
        <line num="20" count="1" type="stmt"/>
        <line num="21" count="1" type="stmt"/>
      </file>
    </package>
    <package name="constants">
      <metrics statements="4" coveredstatements="4" conditionals="0" coveredconditionals="0" methods="0" coveredmethods="0"/>
      <file name="ApplicationConsants.js" path="/Users/jetmali/Library/CloudStorage/Box-Box/PersonalDocuments/Learning/frontend-joyofenergy-reactJS/constants/ApplicationConsants.js">
        <metrics statements="4" coveredstatements="4" conditionals="0" coveredconditionals="0" methods="0" coveredmethods="0"/>
        <line num="1" count="1" type="stmt"/>
        <line num="2" count="1" type="stmt"/>
        <line num="3" count="1" type="stmt"/>
        <line num="4" count="1" type="stmt"/>
      </file>
    </package>
    <package name="utils">
      <metrics statements="31" coveredstatements="22" conditionals="7" coveredconditionals="5" methods="13" coveredmethods="9"/>
      <file name="chart.js" path="/Users/jetmali/Library/CloudStorage/Box-Box/PersonalDocuments/Learning/frontend-joyofenergy-reactJS/utils/chart.js">
        <metrics statements="17" coveredstatements="8" conditionals="4" coveredconditionals="2" methods="6" coveredmethods="2"/>
        <line num="5" count="2" type="stmt"/>
        <line num="6" count="6" type="stmt"/>
        <line num="7" count="6" type="stmt"/>
        <line num="8" count="6" type="stmt"/>
        <line num="10" count="6" type="stmt"/>
        <line num="11" count="12" type="cond" truecount="2" falsecount="0"/>
        <line num="14" count="6" type="stmt"/>
        <line num="17" count="2" type="stmt"/>
        <line num="18" count="0" type="stmt"/>
        <line num="20" count="0" type="stmt"/>
        <line num="22" count="0" type="stmt"/>
        <line num="25" count="0" type="stmt"/>
        <line num="26" count="0" type="stmt"/>
        <line num="28" count="0" type="stmt"/>
        <line num="44" count="0" type="cond" truecount="0" falsecount="2"/>
        <line num="45" count="0" type="stmt"/>
        <line num="48" count="0" type="stmt"/>
      </file>
      <file name="reading.js" path="/Users/jetmali/Library/CloudStorage/Box-Box/PersonalDocuments/Learning/frontend-joyofenergy-reactJS/utils/reading.js">
        <metrics statements="14" coveredstatements="14" conditionals="3" coveredconditionals="3" methods="7" coveredmethods="7"/>
        <line num="6" count="2" type="cond" truecount="1" falsecount="0"/>
        <line num="7" count="4" type="stmt"/>
        <line num="8" count="4" type="stmt"/>
        <line num="9" count="1305" type="stmt"/>
        <line num="20" count="2" type="stmt"/>
        <line num="21" count="3" type="stmt"/>
        <line num="22" count="1207" type="stmt"/>
        <line num="23" count="1207" type="stmt"/>
        <line num="28" count="1207" type="cond" truecount="2" falsecount="0"/>
        <line num="29" count="1207" type="stmt"/>
        <line num="30" count="1207" type="stmt"/>
        <line num="33" count="56" type="stmt"/>
        <line num="44" count="3" type="stmt"/>
        <line num="45" count="57" type="stmt"/>
      </file>
    </package>
  </project>
</coverage>
