{"/Users/jetmali/Library/CloudStorage/Box-Box/PersonalDocuments/Learning/frontend-joyofenergy-reactJS/components/App.jsx": {"path":"/Users/jetmali/Library/CloudStorage/Box-Box/PersonalDocuments/Learning/frontend-joyofenergy-reactJS/components/App.jsx","statementMap":{"0":{"start":{"line":6,"column":19},"end":{"line":26,"column":1}},"1":{"start":{"line":7,"column":34},"end":{"line":7,"column":44}},"2":{"start":{"line":9,"column":2},"end":{"line":12,"column":9}},"3":{"start":{"line":10,"column":19},"end":{"line":10,"column":38}},"4":{"start":{"line":11,"column":4},"end":{"line":11,"column":24}},"5":{"start":{"line":14,"column":2},"end":{"line":25,"column":3}}},"fnMap":{"0":{"name":"(anonymous_0)","decl":{"start":{"line":6,"column":19},"end":{"line":6,"column":20}},"loc":{"start":{"line":6,"column":25},"end":{"line":26,"column":1}},"line":6},"1":{"name":"(anonymous_1)","decl":{"start":{"line":9,"column":12},"end":{"line":9,"column":13}},"loc":{"start":{"line":9,"column":24},"end":{"line":12,"column":3}},"line":9}},"branchMap":{"0":{"loc":{"start":{"line":15,"column":4},"end":{"line":24,"column":12}},"type":"cond-expr","locations":[{"start":{"line":16,"column":6},"end":{"line":23,"column":12}},{"start":{"line":24,"column":8},"end":{"line":24,"column":12}}],"line":15}},"s":{"0":1,"1":2,"2":2,"3":1,"4":1,"5":2},"f":{"0":2,"1":1},"b":{"0":[1,1]},"_coverageSchema":"1a1c01bbd47fc00a2c39e90264f33305004495a9","hash":"ad0df505eb1d32b24db8c8cb6dbaed8ecdf614b6"}
,"/Users/jetmali/Library/CloudStorage/Box-Box/PersonalDocuments/Learning/frontend-joyofenergy-reactJS/components/EnergyConsumption.jsx": {"path":"/Users/jetmali/Library/CloudStorage/Box-Box/PersonalDocuments/Learning/frontend-joyofenergy-reactJS/components/EnergyConsumption.jsx","statementMap":{"0":{"start":{"line":6,"column":33},"end":{"line":44,"column":1}},"1":{"start":{"line":7,"column":26},"end":{"line":10,"column":16}},"2":{"start":{"line":8,"column":33},"end":{"line":8,"column":82}},"3":{"start":{"line":9,"column":4},"end":{"line":9,"column":51}},"4":{"start":{"line":12,"column":2},"end":{"line":14,"column":24}},"5":{"start":{"line":13,"column":4},"end":{"line":13,"column":22}},"6":{"start":{"line":16,"column":2},"end":{"line":43,"column":4}}},"fnMap":{"0":{"name":"(anonymous_0)","decl":{"start":{"line":6,"column":33},"end":{"line":6,"column":34}},"loc":{"start":{"line":6,"column":64},"end":{"line":44,"column":1}},"line":6},"1":{"name":"(anonymous_1)","decl":{"start":{"line":7,"column":38},"end":{"line":7,"column":39}},"loc":{"start":{"line":7,"column":50},"end":{"line":10,"column":3}},"line":7},"2":{"name":"(anonymous_2)","decl":{"start":{"line":12,"column":12},"end":{"line":12,"column":13}},"loc":{"start":{"line":12,"column":18},"end":{"line":14,"column":3}},"line":12}},"branchMap":{},"s":{"0":1,"1":1,"2":1,"3":1,"4":1,"5":1,"6":1},"f":{"0":1,"1":1,"2":1},"b":{},"_coverageSchema":"1a1c01bbd47fc00a2c39e90264f33305004495a9","hash":"d62a33ae36c899a77875fe8d40caca7d8829811c"}
,"/Users/jetmali/Library/CloudStorage/Box-Box/PersonalDocuments/Learning/frontend-joyofenergy-reactJS/components/Sidebar.jsx": {"path":"/Users/jetmali/Library/CloudStorage/Box-Box/PersonalDocuments/Learning/frontend-joyofenergy-reactJS/components/Sidebar.jsx","statementMap":{"0":{"start":{"line":7,"column":22},"end":{"line":12,"column":1}},"1":{"start":{"line":8,"column":2},"end":{"line":11,"column":8}},"2":{"start":{"line":14,"column":23},"end":{"line":19,"column":1}},"3":{"start":{"line":15,"column":2},"end":{"line":18,"column":5}},"4":{"start":{"line":20,"column":23},"end":{"line":36,"column":1}},"5":{"start":{"line":21,"column":2},"end":{"line":35,"column":5}}},"fnMap":{"0":{"name":"(anonymous_0)","decl":{"start":{"line":7,"column":22},"end":{"line":7,"column":23}},"loc":{"start":{"line":8,"column":2},"end":{"line":11,"column":8}},"line":8},"1":{"name":"(anonymous_1)","decl":{"start":{"line":14,"column":23},"end":{"line":14,"column":24}},"loc":{"start":{"line":15,"column":2},"end":{"line":18,"column":5}},"line":15},"2":{"name":"(anonymous_2)","decl":{"start":{"line":20,"column":23},"end":{"line":20,"column":24}},"loc":{"start":{"line":21,"column":2},"end":{"line":35,"column":5}},"line":21}},"branchMap":{},"s":{"0":1,"1":6,"2":1,"3":3,"4":1,"5":1},"f":{"0":6,"1":3,"2":1},"b":{},"_coverageSchema":"1a1c01bbd47fc00a2c39e90264f33305004495a9","hash":"d8ab68a6c330203b8bb96c0eba9f0e13afd98922"}
,"/Users/jetmali/Library/CloudStorage/Box-Box/PersonalDocuments/Learning/frontend-joyofenergy-reactJS/constants/ApplicationConsants.js": {"path":"/Users/jetmali/Library/CloudStorage/Box-Box/PersonalDocuments/Learning/frontend-joyofenergy-reactJS/constants/ApplicationConsants.js","statementMap":{"0":{"start":{"line":1,"column":33},"end":{"line":1,"column":53}},"1":{"start":{"line":2,"column":37},"end":{"line":2,"column":51}},"2":{"start":{"line":3,"column":20},"end":{"line":3,"column":34}},"3":{"start":{"line":4,"column":23},"end":{"line":4,"column":26}}},"fnMap":{},"branchMap":{},"s":{"0":1,"1":1,"2":1,"3":1},"f":{},"b":{},"_coverageSchema":"1a1c01bbd47fc00a2c39e90264f33305004495a9","hash":"48057e2b5a87c43025a1f509ce442d9e3f25ef1b"}
,"/Users/jetmali/Library/CloudStorage/Box-Box/PersonalDocuments/Learning/frontend-joyofenergy-reactJS/utils/chart.js": {"path":"/Users/jetmali/Library/CloudStorage/Box-Box/PersonalDocuments/Learning/frontend-joyofenergy-reactJS/utils/chart.js","statementMap":{"0":{"start":{"line":5,"column":31},"end":{"line":15,"column":1}},"1":{"start":{"line":6,"column":15},"end":{"line":6,"column":34}},"2":{"start":{"line":7,"column":16},"end":{"line":7,"column":31}},"3":{"start":{"line":8,"column":14},"end":{"line":8,"column":28}},"4":{"start":{"line":10,"column":21},"end":{"line":12,"column":3}},"5":{"start":{"line":11,"column":4},"end":{"line":11,"column":49}},"6":{"start":{"line":14,"column":2},"end":{"line":14,"column":55}},"7":{"start":{"line":17,"column":27},"end":{"line":72,"column":1}},"8":{"start":{"line":18,"column":2},"end":{"line":18,"column":44}},"9":{"start":{"line":20,"column":2},"end":{"line":23,"column":4}},"10":{"start":{"line":22,"column":50},"end":{"line":22,"column":63}},"11":{"start":{"line":25,"column":17},"end":{"line":25,"column":66}},"12":{"start":{"line":25,"column":44},"end":{"line":25,"column":65}},"13":{"start":{"line":26,"column":17},"end":{"line":26,"column":51}},"14":{"start":{"line":26,"column":45},"end":{"line":26,"column":50}},"15":{"start":{"line":28,"column":15},"end":{"line":42,"column":3}},"16":{"start":{"line":44,"column":2},"end":{"line":46,"column":3}},"17":{"start":{"line":45,"column":4},"end":{"line":45,"column":20}},"18":{"start":{"line":48,"column":2},"end":{"line":71,"column":5}}},"fnMap":{"0":{"name":"(anonymous_0)","decl":{"start":{"line":5,"column":31},"end":{"line":5,"column":32}},"loc":{"start":{"line":5,"column":46},"end":{"line":15,"column":1}},"line":5},"1":{"name":"(anonymous_1)","decl":{"start":{"line":10,"column":21},"end":{"line":10,"column":22}},"loc":{"start":{"line":10,"column":32},"end":{"line":12,"column":3}},"line":10},"2":{"name":"(anonymous_2)","decl":{"start":{"line":17,"column":27},"end":{"line":17,"column":28}},"loc":{"start":{"line":17,"column":54},"end":{"line":72,"column":1}},"line":17},"3":{"name":"(anonymous_3)","decl":{"start":{"line":22,"column":34},"end":{"line":22,"column":35}},"loc":{"start":{"line":22,"column":50},"end":{"line":22,"column":63}},"line":22},"4":{"name":"(anonymous_4)","decl":{"start":{"line":25,"column":30},"end":{"line":25,"column":31}},"loc":{"start":{"line":25,"column":44},"end":{"line":25,"column":65}},"line":25},"5":{"name":"(anonymous_5)","decl":{"start":{"line":26,"column":30},"end":{"line":26,"column":31}},"loc":{"start":{"line":26,"column":45},"end":{"line":26,"column":50}},"line":26}},"branchMap":{"0":{"loc":{"start":{"line":11,"column":11},"end":{"line":11,"column":48}},"type":"cond-expr","locations":[{"start":{"line":11,"column":24},"end":{"line":11,"column":35}},{"start":{"line":11,"column":38},"end":{"line":11,"column":48}}],"line":11},"1":{"loc":{"start":{"line":44,"column":2},"end":{"line":46,"column":3}},"type":"if","locations":[{"start":{"line":44,"column":2},"end":{"line":46,"column":3}},{"start":{},"end":{}}],"line":44}},"s":{"0":2,"1":6,"2":6,"3":6,"4":6,"5":12,"6":6,"7":2,"8":0,"9":0,"10":0,"11":0,"12":0,"13":0,"14":0,"15":0,"16":0,"17":0,"18":0},"f":{"0":6,"1":12,"2":0,"3":0,"4":0,"5":0},"b":{"0":[7,5],"1":[0,0]},"_coverageSchema":"1a1c01bbd47fc00a2c39e90264f33305004495a9","hash":"72fc146d56a7ac1036dca83a9e754a2477a2ac03"}
,"/Users/jetmali/Library/CloudStorage/Box-Box/PersonalDocuments/Learning/frontend-joyofenergy-reactJS/utils/reading.js": {"path":"/Users/jetmali/Library/CloudStorage/Box-Box/PersonalDocuments/Learning/frontend-joyofenergy-reactJS/utils/reading.js","statementMap":{"0":{"start":{"line":6,"column":27},"end":{"line":13,"column":1}},"1":{"start":{"line":7,"column":18},"end":{"line":7,"column":28}},"2":{"start":{"line":8,"column":15},"end":{"line":8,"column":29}},"3":{"start":{"line":9,"column":2},"end":{"line":12,"column":6}},"4":{"start":{"line":9,"column":51},"end":{"line":12,"column":3}},"5":{"start":{"line":20,"column":26},"end":{"line":37,"column":1}},"6":{"start":{"line":21,"column":23},"end":{"line":31,"column":8}},"7":{"start":{"line":22,"column":24},"end":{"line":22,"column":38}},"8":{"start":{"line":23,"column":16},"end":{"line":27,"column":15}},"9":{"start":{"line":28,"column":4},"end":{"line":28,"column":34}},"10":{"start":{"line":28,"column":20},"end":{"line":28,"column":34}},"11":{"start":{"line":29,"column":4},"end":{"line":29,"column":23}},"12":{"start":{"line":30,"column":4},"end":{"line":30,"column":16}},"13":{"start":{"line":33,"column":2},"end":{"line":36,"column":6}},"14":{"start":{"line":33,"column":61},"end":{"line":36,"column":3}},"15":{"start":{"line":44,"column":26},"end":{"line":46,"column":1}},"16":{"start":{"line":44,"column":40},"end":{"line":46,"column":1}},"17":{"start":{"line":45,"column":26},"end":{"line":45,"column":55}}},"fnMap":{"0":{"name":"(anonymous_0)","decl":{"start":{"line":6,"column":27},"end":{"line":6,"column":28}},"loc":{"start":{"line":6,"column":52},"end":{"line":13,"column":1}},"line":6},"1":{"name":"(anonymous_1)","decl":{"start":{"line":9,"column":36},"end":{"line":9,"column":37}},"loc":{"start":{"line":9,"column":51},"end":{"line":12,"column":3}},"line":9},"2":{"name":"(anonymous_2)","decl":{"start":{"line":20,"column":26},"end":{"line":20,"column":27}},"loc":{"start":{"line":20,"column":40},"end":{"line":37,"column":1}},"line":20},"3":{"name":"(anonymous_3)","decl":{"start":{"line":21,"column":39},"end":{"line":21,"column":40}},"loc":{"start":{"line":21,"column":66},"end":{"line":31,"column":3}},"line":21},"4":{"name":"(anonymous_4)","decl":{"start":{"line":33,"column":42},"end":{"line":33,"column":43}},"loc":{"start":{"line":33,"column":61},"end":{"line":36,"column":3}},"line":33},"5":{"name":"(anonymous_5)","decl":{"start":{"line":44,"column":26},"end":{"line":44,"column":27}},"loc":{"start":{"line":44,"column":40},"end":{"line":46,"column":1}},"line":44},"6":{"name":"(anonymous_6)","decl":{"start":{"line":45,"column":2},"end":{"line":45,"column":3}},"loc":{"start":{"line":45,"column":26},"end":{"line":45,"column":55}},"line":45}},"branchMap":{"0":{"loc":{"start":{"line":6,"column":34},"end":{"line":6,"column":47}},"type":"default-arg","locations":[{"start":{"line":6,"column":43},"end":{"line":6,"column":47}}],"line":6},"1":{"loc":{"start":{"line":28,"column":4},"end":{"line":28,"column":34}},"type":"if","locations":[{"start":{"line":28,"column":4},"end":{"line":28,"column":34}},{"start":{},"end":{}}],"line":28}},"s":{"0":2,"1":4,"2":4,"3":4,"4":1305,"5":2,"6":3,"7":1207,"8":1207,"9":1207,"10":56,"11":1207,"12":1207,"13":3,"14":56,"15":2,"16":3,"17":57},"f":{"0":4,"1":1305,"2":3,"3":1207,"4":56,"5":3,"6":57},"b":{"0":[1],"1":[56,1151]},"_coverageSchema":"1a1c01bbd47fc00a2c39e90264f33305004495a9","hash":"7fface72b8b2f3658ef8ca40d849558428cd6db8"}
}
